INFO: 2022-04-25 02:36:28,828: Model Results:
INFO: 2022-04-25 02:36:28,828: Model Results:
INFO: 2022-04-25 02:36:28,828: Model Results:
INFO: 2022-04-25 02:36:28,831: Accuracy Score: 0.6569
INFO: 2022-04-25 02:36:28,831: Accuracy Score: 0.6569
INFO: 2022-04-25 02:36:28,831: Accuracy Score: 0.6569
INFO: 2022-04-25 02:36:28,833: --------------------------
INFO: 2022-04-25 02:36:28,833: --------------------------
INFO: 2022-04-25 02:36:28,833: --------------------------
INFO: 2022-04-25 02:36:28,835: Log Loss: 0.6265
INFO: 2022-04-25 02:36:28,835: Log Loss: 0.6265
INFO: 2022-04-25 02:36:28,835: Log Loss: 0.6265
INFO: 2022-04-25 02:36:28,837: --------------------------
INFO: 2022-04-25 02:36:28,837: --------------------------
INFO: 2022-04-25 02:36:28,837: --------------------------
INFO: 2022-04-25 02:36:28,840: Precision Score: 0.6443
INFO: 2022-04-25 02:36:28,840: Precision Score: 0.6443
INFO: 2022-04-25 02:36:28,840: Precision Score: 0.6443
INFO: 2022-04-25 02:36:28,842: --------------------------
INFO: 2022-04-25 02:36:28,842: --------------------------
INFO: 2022-04-25 02:36:28,842: --------------------------
INFO: 2022-04-25 02:36:28,843: Recall Score: 0.4426
INFO: 2022-04-25 02:36:28,843: Recall Score: 0.4426
INFO: 2022-04-25 02:36:28,843: Recall Score: 0.4426
INFO: 2022-04-25 02:36:28,845: --------------------------
INFO: 2022-04-25 02:36:28,845: --------------------------
INFO: 2022-04-25 02:36:28,845: --------------------------
INFO: 2022-04-25 02:36:28,846: F1 Score: 0.5248
INFO: 2022-04-25 02:36:28,846: F1 Score: 0.5248
INFO: 2022-04-25 02:36:28,846: F1 Score: 0.5248
INFO: 2022-04-25 02:36:28,847: --------------------------
INFO: 2022-04-25 02:36:28,847: --------------------------
INFO: 2022-04-25 02:36:28,847: --------------------------
INFO: 2022-04-25 02:36:28,849: Roc Auc Score: 0.6299
INFO: 2022-04-25 02:36:28,849: Roc Auc Score: 0.6299
INFO: 2022-04-25 02:36:28,849: Roc Auc Score: 0.6299
INFO: 2022-04-25 02:36:28,850: --------------------------
INFO: 2022-04-25 02:36:28,850: --------------------------
INFO: 2022-04-25 02:36:28,850: --------------------------
INFO: 2022-04-25 02:36:28,851: Calibration Score: 0.0078
INFO: 2022-04-25 02:36:28,851: Calibration Score: 0.0078
INFO: 2022-04-25 02:36:28,851: Calibration Score: 0.0078
INFO: 2022-04-25 02:36:28,853: --------------------------
INFO: 2022-04-25 02:36:28,853: --------------------------
INFO: 2022-04-25 02:36:28,853: --------------------------
INFO: 2022-04-25 02:36:28,854: Feature Importances: [(389, 'shot_distance'), (522, 'action_type'), (379, 'loc_x'), (467, 'loc_y'), (62, 'era_1'), (41, 'era_2'), (73, 'era_3'), (49, 'era_4'), (63, 'era_5'), (86, 'era_6'), (31, 'home'), (308, 'gp'), (293, 'time'), (47, 'buzzer'), (52, 'bubble'), (138, 'primary_position')]
INFO: 2022-04-25 02:36:28,854: Feature Importances: [(389, 'shot_distance'), (522, 'action_type'), (379, 'loc_x'), (467, 'loc_y'), (62, 'era_1'), (41, 'era_2'), (73, 'era_3'), (49, 'era_4'), (63, 'era_5'), (86, 'era_6'), (31, 'home'), (308, 'gp'), (293, 'time'), (47, 'buzzer'), (52, 'bubble'), (138, 'primary_position')]
INFO: 2022-04-25 02:36:28,854: Feature Importances: [(389, 'shot_distance'), (522, 'action_type'), (379, 'loc_x'), (467, 'loc_y'), (62, 'era_1'), (41, 'era_2'), (73, 'era_3'), (49, 'era_4'), (63, 'era_5'), (86, 'era_6'), (31, 'home'), (308, 'gp'), (293, 'time'), (47, 'buzzer'), (52, 'bubble'), (138, 'primary_position')]
INFO: 2022-04-25 02:36:28,855: --------------------------
INFO: 2022-04-25 02:36:28,855: --------------------------
INFO: 2022-04-25 02:36:28,855: --------------------------
INFO: 2022-04-25 02:36:28,857: Fit Time: 13.51
INFO: 2022-04-25 02:36:28,857: Fit Time: 13.51
INFO: 2022-04-25 02:36:28,857: Fit Time: 13.51
INFO: 2022-04-25 02:36:28,858: --------------------------
INFO: 2022-04-25 02:36:28,858: --------------------------
INFO: 2022-04-25 02:36:28,858: --------------------------
